\BOOKMARK [0][-]{chapter*.5}{Introducci\363n}{}% 1
\BOOKMARK [0][-]{chapter.1}{Marco te\363rico referencial de la investigaci\363n}{}% 2
\BOOKMARK [1][-]{section.1.1}{Marco te\363rico referencial de la investigaci\363n}{chapter.1}% 3
\BOOKMARK [2][-]{subsection.1.1.1}{Conceptos fundamentales}{section.1.1}% 4
\BOOKMARK [2][-]{subsection.1.1.2}{Conformaci\363n de equipos de proyectos de software}{section.1.1}% 5
\BOOKMARK [2][-]{subsection.1.1.3}{Conformaci\363n de equipos en \341mbitos docentes}{section.1.1}% 6
\BOOKMARK [2][-]{subsection.1.1.4}{Conformaci\363n de equipos de deportes}{section.1.1}% 7
\BOOKMARK [2][-]{subsection.1.1.5}{Conformaci\363n de equipos en diferentes \341reas}{section.1.1}% 8
\BOOKMARK [1][-]{section.1.2}{An\341lisis de los factores del modelo y la herramienta que le da soporte para la formaci\363n de equipos de software}{chapter.1}% 9
\BOOKMARK [2][-]{subsection.1.2.1}{Modelo de conformaci\363n de equipos}{section.1.2}% 10
\BOOKMARK [2][-]{subsection.1.2.2}{Ejemplo simple para el problema de formaci\363n de equipos de desarrollo de software utilizando el modelo usado en TEAMSOFT+}{section.1.2}% 11
\BOOKMARK [2][-]{subsection.1.2.3}{Caracter\355sticas de TEAMSOFT+ como herramienta}{section.1.2}% 12
\BOOKMARK [1][-]{section.1.3}{Conformaci\363n de equipos de b\351isbol}{chapter.1}% 13
\BOOKMARK [1][-]{section.1.4}{Conformaci\363n de equipos docentes}{chapter.1}% 14
\BOOKMARK [1][-]{section.1.5}{Conclusiones parciales}{chapter.1}% 15
\BOOKMARK [0][-]{chapter.2}{Modelo para conformar equipos de b\351isbol y docentes basado en el modelo que le da soporte TEAMSOFT+}{}% 16
\BOOKMARK [1][-]{section.2.1}{Ejemplo simple para el problema de conformaci\363n de equipos de b\351isbol}{chapter.2}% 17
\BOOKMARK [2][-]{subsection.2.1.1}{Conjuntos que intervienen en la modelaci\363n}{section.2.1}% 18
\BOOKMARK [2][-]{subsection.2.1.2}{Elementos generales}{section.2.1}% 19
\BOOKMARK [2][-]{subsection.2.1.3}{Elementos espec\355ficos}{section.2.1}% 20
\BOOKMARK [2][-]{subsection.2.1.4}{Transformaci\363n de los datos}{section.2.1}% 21
\BOOKMARK [1][-]{section.2.2}{Ejemplo simple para el problema de conformaci\363n de equipos docentes}{chapter.2}% 22
\BOOKMARK [2][-]{subsection.2.2.1}{Conjuntos que intervienen en la modelaci\363n}{section.2.2}% 23
\BOOKMARK [2][-]{subsection.2.2.2}{Elementos generales}{section.2.2}% 24
\BOOKMARK [2][-]{subsection.2.2.3}{Elementos espec\355ficos}{section.2.2}% 25
\BOOKMARK [2][-]{subsection.2.2.4}{Transformaci\363n de los datos}{section.2.2}% 26
\BOOKMARK [1][-]{section.2.3}{Limitaciones de la herramienta TEAMSOFT+ para la soluci\363n de los problemas de conformaci\363n de equipos de b\351isbol y docentes}{chapter.2}% 27
\BOOKMARK [1][-]{section.2.4}{Conclusiones parciales}{chapter.2}% 28
\BOOKMARK [0][-]{chapter.3}{Dise\361o de la soluci\363n propuesta}{}% 29
\BOOKMARK [1][-]{section.3.1}{Artefactos de ingenier\355a de software}{chapter.3}% 30
\BOOKMARK [2][-]{subsection.3.1.1}{Diagrama de casos de uso}{section.3.1}% 31
\BOOKMARK [2][-]{subsection.3.1.2}{Descripci\363n de alto nivel de los casos de uso}{section.3.1}% 32
\BOOKMARK [2][-]{subsection.3.1.3}{Diagrama de estructuraci\363n en capas}{section.3.1}% 33
\BOOKMARK [1][-]{section.3.2}{Validaci\363n del proceso de importaci\363n propuesto}{chapter.3}% 34
\BOOKMARK [2][-]{subsection.3.2.1}{Importaci\363n de los datos de los docentes}{section.3.2}% 35
\BOOKMARK [2][-]{subsection.3.2.2}{Importaci\363n de los datos de b\351isbol}{section.3.2}% 36
\BOOKMARK [1][-]{section.3.3}{Generaci\363n de soluciones a los problemas de docencia y b\351isbol}{chapter.3}% 37
\BOOKMARK [2][-]{subsection.3.3.1}{Soluci\363n al problema de docencia}{section.3.3}% 38
\BOOKMARK [2][-]{subsection.3.3.2}{Soluci\363n al problema de b\351isbol}{section.3.3}% 39
\BOOKMARK [0][-]{subsection.3.3.2}{Referencias bibliogr\341ficas}{}% 40
\BOOKMARK [0][-]{chapter*.11}{Anexo}{}% 41
\BOOKMARK [0][-]{appendix.Alph1}{Ejemplo de fichero para la importaci\363n \(docencia\)}{}% 42
\BOOKMARK [0][-]{appendix.Alph2}{Pantalla de seleccionar el fichero y establecer grupo \(docencia\)}{}% 43
\BOOKMARK [0][-]{appendix.Alph3}{Pantalla mapeo datos de las personas \(docencia\)}{}% 44
\BOOKMARK [0][-]{appendix.Alph4}{Pantalla mapeo competencias \(docencia\)}{}% 45
\BOOKMARK [0][-]{appendix.Alph5}{Pantalla configuraci\363n competencias \(docencia\)}{}% 46
\BOOKMARK [0][-]{appendix.Alph6}{Pantalla lista de personas importadas \(docencia\)}{}% 47
\BOOKMARK [0][-]{appendix.Alph7}{Pantalla competencias gen\351ricas de una persona \(docencia\)}{}% 48
\BOOKMARK [0][-]{appendix.Alph8}{Pantalla competencias t\351cnicas de una persona \(docencia\)}{}% 49
\BOOKMARK [0][-]{appendix.Alph9}{Pantalla preferencia por los roles de una persona \(docencia\)}{}% 50
\BOOKMARK [0][-]{appendix.Alph10}{Ejemplo de fichero para la importaci\363n \(b\351isbol\)}{}% 51
